Arguments: 
  C:\Program Files\nodejs\node.exe C:\Program Files (x86)\Yarn\bin\yarn.js add watchify --dev

PATH: 
  C:\ProgramData\Oracle\Java\javapath;C:\WINDOWS\system32;C:\WINDOWS;C:\WINDOWS\System32\Wbem;C:\WINDOWS\System32\WindowsPowerShell\v1.0\;C:\Program Files (x86)\ATI Technologies\ATI.ACE\Core-Static;C:\xampp\php;C:\ProgramData\ComposerSetup\bin;C:\Ruby22-x64\bin;C:\Users\Work\Documents\resources\bower\node_modules\.bin\;C:\WINDOWS\system32\config\systemprofile\.dnx\bin;C:\Program Files\Microsoft DNX\Dnvm\;C:\Program Files (x86)\Skype\Phone\;C:\xampp\mysql\bin\;C:\Python27\;C:\Program Files\Git\bin\;C:\Program Files\Java\jdk1.8.0_65\bin;C:\Program Files (x86)\RemObjects Software\Elements\bin;C:\Program Files\MongoDB\Server\3.2\bin;C:\Program Files (x86)\GTK2-Runtime\bin;C:\Program Files (x86)\GtkSharp\2.12\bin;C:\Program Files (x86)\Windows Kits\10\Windows Performance Toolkit\;C:\Program Files (x86)\MSBuild\14.0\Bin;C:\Program Files (x86)\LINQPad5;C:\Go\bin;C:\MinGW\bin;C:\xampp2\mysql\bin;C:\xampp2\php;C:\Users\Projects\Documents\resources\bower\bin;C:\Program Files\nodejs\;C:\Program Files (x86)\Yarn\bin;C:\Users\Projects\AppData\Local\Programs\Python\Python35-32\Scripts\;C:\Users\Projects\AppData\Local\Programs\Python\Python35-32\;C:\Users\Projects\AppData\Local\atom\bin;C:\Users\Projects\AppData\Local\Microsoft\WindowsApps;C:\Program Files (x86)\Microsoft VS Code\bin;C:\Users\Projects\AppData\Roaming\npm;C:\Users\Projects\AppData\Local\Yarn\bin

Yarn version: 
  1.3.2

Node version: 
  8.7.0

Platform: 
  win32 x64

npm manifest: 
  {
    "name": "moneymanage",
    "version": "1.0.0",
    "description": "",
    "main": "server/app.js",
    "scripts": {
      "dev:server": "cross-env NODE_ENV=development nodemon --inspect server/app.js",
      "prod:server": "cross-env NODE_ENV=production node server/app.js",
      "dev:client": "rollup -c client/expense-editor/rollup.config.js -w",
      "prod:client": "browserify client/expense-editor/src/index.js -o public/expense-editor.js -t [ babelify --presets [ env ] ]",
      "build:docs": "jsdoc -c jsdoc.json",
      "test": "jest --watch"
    },
    "author": "Alexander Pugh",
    "license": "ISC",
    "dependencies": {
      "body-parser": "^1.18.1",
      "express": "^4.15.4",
      "express-session": "^1.15.5",
      "lodash": "^4.17.4",
      "md5": "^2.2.1",
      "multer": "^1.3.0",
      "nunjucks": "^3.0.1",
      "sequelize": "^4.7.5",
      "sqlite3": "^3.1.13",
      "vue": "^2.4.4"
    },
    "devDependencies": {
      "babel-core": "^6.26.0",
      "babel-plugin-external-helpers": "^6.22.0",
      "babel-plugin-syntax-decorators": "^6.13.0",
      "babel-plugin-transform-decorators-legacy": "^1.3.4",
      "babel-preset-es2015": "^6.24.1",
      "babel-preset-es2015-rollup": "^3.0.0",
      "babel-preset-stage-0": "^6.24.1",
      "browser-sync": "^2.18.13",
      "cross-env": "^5.0.5",
      "jest": "^21.2.1",
      "jsdoc": "^3.5.5",
      "rollup": "^0.49.1",
      "rollup-plugin-babel": "^3.0.2",
      "rollup-plugin-commonjs": "^8.2.0",
      "rollup-plugin-jsx": "^1.0.3",
      "rollup-plugin-node-globals": "^1.1.0",
      "rollup-plugin-node-resolve": "^3.0.0",
      "rollup-plugin-replace": "^2.0.0",
      "rollup-plugin-uglify": "^2.0.1",
      "rollup-plugin-vue2": "^0.8.0"
    }
  }

yarn manifest: 
  No manifest

Lockfile: 
  No lockfile

Trace: 
  Error: EPERM: operation not permitted, unlink 'C:\Users\Projects\Documents\applications\moneymanage\node_modules\sqlite3\lib\binding\node-v57-win32-x64\node_sqlite3.node'
